<?xml version="1.0" encoding="UTF-8"?>
<!-- Generated by org.testng.reporters.JUnitXMLReporter -->
<testsuite ignored="1" hostname="BS" failures="0" tests="1" name="Default test" time="28.442" errors="0" timestamp="2025-12-08T08:42:09 IST">
  <testcase classname="testCases.Admin_Module_TestCases" name="Admin_TC01" time="10.047"/>
  <testcase classname="testCases.Admin_Module_TestCases" name="Admin_TC02" time="0.0">
    <ignored/>
  </testcase> <!-- Admin_TC02 -->
</testsuite> <!-- Default test -->
