<?xml version="1.0" encoding="UTF-8"?>
<!-- Generated by org.testng.reporters.JUnitXMLReporter -->
<testsuite ignored="1" hostname="MasteR" failures="0" tests="1" name="Default test" time="18.689" errors="0" timestamp="2025-12-06T22:10:57 IST">
  <testcase classname="testCases.Time_TestCases" name="Time_TestCase01" time="3.454"/>
  <testcase classname="testCases.Time_TestCases" name="Time_TestCase02" time="0.0">
    <ignored/>
  </testcase> <!-- Time_TestCase02 -->
</testsuite> <!-- Default test -->
