<?xml version="1.0" encoding="UTF-8"?>
<!-- Generated by org.testng.reporters.JUnitXMLReporter -->
<testsuite ignored="0" hostname="MasteR" failures="2" tests="3" name="Test" time="47.016" errors="0" timestamp="2025-12-09T08:24:06 IST">
  <testcase classname="testCases.Admin_Module_TestCases" name="Admin_TC01" time="4.479"/>
  <testcase classname="testCases.Admin_Module_TestCases" name="Admin_TC02" time="0.078">
    <failure type="java.lang.IllegalArgumentException" message="Keys to send should be a not null CharSequence">
      <![CDATA[java.lang.IllegalArgumentException: Keys to send should be a not null CharSequence
at org.openqa.selenium.remote.RemoteWebElement.sendKeys(RemoteWebElement.java:96)
at org.openqa.selenium.support.pagefactory.internal.LocatingElementHandler.invoke(LocatingElementHandler.java:51)
at jdk.proxy2/jdk.proxy2.$Proxy14.sendKeys(Unknown Source)
at testCases.Admin_Module_TestCases.Admin_TC02(Admin_Module_TestCases.java:46)
at java.base/java.util.ArrayList.forEach(ArrayList.java:1597)
... Removed 27 stack frames]]>
    </failure>
  </testcase> <!-- Admin_TC02 -->
  <testcase classname="testCases.Admin_Module_TestCases" name="Admin_TC03" time="0.072">
    <failure type="java.lang.IllegalArgumentException" message="Keys to send should be a not null CharSequence">
      <![CDATA[java.lang.IllegalArgumentException: Keys to send should be a not null CharSequence
at org.openqa.selenium.remote.RemoteWebElement.sendKeys(RemoteWebElement.java:96)
at org.openqa.selenium.support.pagefactory.internal.LocatingElementHandler.invoke(LocatingElementHandler.java:51)
at jdk.proxy2/jdk.proxy2.$Proxy14.sendKeys(Unknown Source)
at testCases.Admin_Module_TestCases.Admin_TC03(Admin_Module_TestCases.java:61)
at java.base/java.util.ArrayList.forEach(ArrayList.java:1597)
... Removed 27 stack frames]]>
    </failure>
  </testcase> <!-- Admin_TC03 -->
</testsuite> <!-- Test -->
