<?xml version="1.0" encoding="UTF-8"?>
<testng-results ignored="0" total="1" passed="1" failed="0" skipped="0">
  <reporter-output>
  </reporter-output>
  <suite started-at="2025-12-06T12:42:45 IST" name="Default suite" finished-at="2025-12-06T12:42:50 IST" duration-ms="4982">
    <groups>
    </groups>
    <test started-at="2025-12-06T12:42:45 IST" name="Default test" finished-at="2025-12-06T12:42:50 IST" duration-ms="4982">
      <class name="testCases.Admin_Module_TestCases">
        <test-method is-config="true" signature="setUp()[pri:0, instance:testCases.Admin_Module_TestCases@bcec361]" started-at="2025-12-06T12:42:45 IST" name="setUp" finished-at="2025-12-06T12:42:50 IST" duration-ms="4342" status="PASS">
          <reporter-output>
          </reporter-output>
        </test-method> <!-- setUp -->
        <test-method signature="verifyAdminSearchFunctionality()[pri:0, instance:testCases.Admin_Module_TestCases@bcec361]" started-at="2025-12-06T12:42:50 IST" name="verifyAdminSearchFunctionality" finished-at="2025-12-06T12:42:50 IST" duration-ms="497" status="PASS">
          <reporter-output>
          </reporter-output>
        </test-method> <!-- verifyAdminSearchFunctionality -->
        <test-method is-config="true" signature="tearDown()[pri:0, instance:testCases.Admin_Module_TestCases@bcec361]" started-at="2025-12-06T12:42:50 IST" name="tearDown" finished-at="2025-12-06T12:42:50 IST" duration-ms="118" status="PASS">
          <reporter-output>
          </reporter-output>
        </test-method> <!-- tearDown -->
      </class> <!-- testCases.Admin_Module_TestCases -->
    </test> <!-- Default test -->
  </suite> <!-- Default suite -->
</testng-results>
