<?xml version="1.0" encoding="UTF-8"?>
<testng-results ignored="1" total="2" passed="1" failed="0" skipped="0">
  <reporter-output>
  </reporter-output>
  <suite started-at="2025-12-06T22:10:38 IST" name="Default suite" finished-at="2025-12-06T22:10:57 IST" duration-ms="18689">
    <groups>
    </groups>
    <test started-at="2025-12-06T22:10:38 IST" name="Default test" finished-at="2025-12-06T22:10:57 IST" duration-ms="18689">
      <class name="testCases.Time_TestCases">
        <test-method is-config="true" signature="setUp()[pri:0, instance:testCases.Time_TestCases@1ff4931d]" started-at="2025-12-06T22:10:38 IST" name="setUp" finished-at="2025-12-06T22:10:48 IST" duration-ms="10062" status="PASS">
          <reporter-output>
          </reporter-output>
        </test-method> <!-- setUp -->
        <test-method signature="Time_TestCase01()[pri:0, instance:testCases.Time_TestCases@1ff4931d]" started-at="2025-12-06T22:10:48 IST" name="Time_TestCase01" finished-at="2025-12-06T22:10:51 IST" duration-ms="3454" status="PASS">
          <reporter-output>
          </reporter-output>
        </test-method> <!-- Time_TestCase01 -->
        <test-method is-config="true" signature="tearDown()[pri:0, instance:testCases.Time_TestCases@1ff4931d]" started-at="2025-12-06T22:10:51 IST" name="tearDown" finished-at="2025-12-06T22:10:57 IST" duration-ms="5140" status="PASS">
          <reporter-output>
          </reporter-output>
        </test-method> <!-- tearDown -->
      </class> <!-- testCases.Time_TestCases -->
    </test> <!-- Default test -->
  </suite> <!-- Default suite -->
</testng-results>
