<?xml version="1.0" encoding="UTF-8"?>
<testng-results ignored="1" total="2" passed="1" failed="0" skipped="0">
  <reporter-output>
  </reporter-output>
  <suite started-at="2025-12-08T08:41:40 IST" name="Default suite" finished-at="2025-12-08T08:42:09 IST" duration-ms="28442">
    <groups>
    </groups>
    <test started-at="2025-12-08T08:41:40 IST" name="Default test" finished-at="2025-12-08T08:42:09 IST" duration-ms="28442">
      <class name="testCases.Admin_Module_TestCases">
        <test-method is-config="true" signature="setUp()[pri:0, instance:testCases.Admin_Module_TestCases@292b08d6]" started-at="2025-12-08T08:41:40 IST" name="setUp" finished-at="2025-12-08T08:41:53 IST" duration-ms="12430" status="PASS">
          <reporter-output>
          </reporter-output>
        </test-method> <!-- setUp -->
        <test-method signature="Admin_TC01()[pri:0, instance:testCases.Admin_Module_TestCases@292b08d6]" started-at="2025-12-08T08:41:53 IST" name="Admin_TC01" finished-at="2025-12-08T08:42:03 IST" duration-ms="10047" status="PASS">
          <reporter-output>
          </reporter-output>
        </test-method> <!-- Admin_TC01 -->
        <test-method is-config="true" signature="tearDown()[pri:0, instance:testCases.Admin_Module_TestCases@292b08d6]" started-at="2025-12-08T08:42:03 IST" name="tearDown" finished-at="2025-12-08T08:42:09 IST" duration-ms="5781" status="PASS">
          <reporter-output>
          </reporter-output>
        </test-method> <!-- tearDown -->
      </class> <!-- testCases.Admin_Module_TestCases -->
    </test> <!-- Default test -->
  </suite> <!-- Default suite -->
</testng-results>
