<?xml version="1.0" encoding="UTF-8"?>
<!-- Generated by org.testng.reporters.JUnitReportReporter -->
<testsuite hostname="MasteR" failures="0" tests="2" name="testCases.Admin_Module_TestCases" time="14.728" errors="0" timestamp="2025-12-06T12:45:43 IST" skipped="0">
  <testcase classname="testCases.Admin_Module_TestCases" name="verifyAdminSearchFunctionality2" time="7.473"/>
  <testcase classname="testCases.Admin_Module_TestCases" name="verifyAdminSearchFunctionality" time="7.255"/>
</testsuite> <!-- testCases.Admin_Module_TestCases -->
